Start testing: Dec 03 10:21 CET
----------------------------------------------------------
11/11 Testing: benchmark_two-spheres
11/11 Test: benchmark_two-spheres
Command: "/opt/homebrew/bin/cmake" "-E" "time" "/Users/thomascaen/raytracer-optimisation-sample/build-test/raytracer" "/Users/thomascaen/raytracer-optimisation-sample/scenes/two-spheres-on-plane.json" "/Users/thomascaen/raytracer-optimisation-sample/build-test/outputs/two-spheres-benchmark.png"
Directory: /Users/thomascaen/raytracer-optimisation-sample/build-test
"benchmark_two-spheres" start time: Dec 03 10:21 CET
Output:
----------------------------------------------------------

*********************************
*** Kevin's Awesome Raytracer ***
*********************************

Rendering 1920x1080 pixels...
Done.
Total time: 4.032 seconds.
Writing file: /Users/thomascaen/raytracer-optimisation-sample/build-test/outputs/two-spheres-benchmark.png
Elapsed time (seconds): 4.68646
<end of output>
Test time =   4.69 sec
----------------------------------------------------------
Test Passed.
"benchmark_two-spheres" end time: Dec 03 10:21 CET
"benchmark_two-spheres" time elapsed: 00:00:04
----------------------------------------------------------

End testing: Dec 03 10:21 CET
